2025-05-18 23:41:22,162 - ERROR - API请求失败：HTTPSConnectionPool(host='xiaoai.plus', port=443): Max retries exceeded with url: /v1/chat/completions (Caused by NewConnectionError('<urllib3.connection.HTTPSConnection object at 0x0000029EDB8BA310>: Failed to establish a new connection: [WinError 10060] 由于连接方在一段时间后没有正确答复或连接的主机没有反应，连接尝试失败。'))
2025-05-20 01:34:37,627 - ERROR - API请求失败：'choices'
2025-05-20 01:34:39,183 - ERROR - API请求失败：'choices'
2025-05-20 01:34:39,436 - ERROR - API请求失败：'choices'
2025-05-20 01:34:40,810 - ERROR - API请求失败：'choices'
2025-05-20 01:34:40,824 - ERROR - API请求失败：'choices'
2025-05-20 01:34:40,825 - ERROR - API请求失败：'choices'
2025-05-20 01:34:41,190 - ERROR - API请求失败：'choices'
2025-05-20 01:34:41,195 - ERROR - API请求失败：'choices'
2025-05-20 01:34:41,480 - ERROR - API请求失败：'choices'
2025-05-20 01:34:41,537 - ERROR - API请求失败：'choices'
2025-05-20 01:34:41,899 - ERROR - API请求失败：'choices'
2025-05-20 01:34:41,904 - ERROR - API请求失败：'choices'
2025-05-20 01:34:41,905 - ERROR - API请求失败：'choices'
2025-05-20 01:34:42,016 - ERROR - API请求失败：'choices'
2025-05-20 01:34:42,424 - ERROR - API请求失败：'choices'
2025-05-20 01:34:42,483 - ERROR - API请求失败：'choices'
2025-05-20 01:34:42,508 - ERROR - API请求失败：'choices'
2025-05-20 01:34:42,596 - ERROR - API请求失败：'choices'
2025-05-20 01:34:42,648 - ERROR - API请求失败：'choices'
2025-05-20 01:34:42,965 - ERROR - API请求失败：'choices'
2025-05-20 01:34:43,198 - ERROR - API请求失败：'choices'
2025-05-20 01:34:43,368 - ERROR - API请求失败：'choices'
2025-05-20 01:34:43,430 - ERROR - API请求失败：'choices'
2025-05-20 01:34:43,611 - ERROR - API请求失败：'choices'
2025-05-20 01:34:43,633 - ERROR - API请求失败：'choices'
2025-05-20 01:34:44,427 - ERROR - API请求失败：'choices'
2025-05-20 01:34:44,519 - ERROR - API请求失败：'choices'
2025-05-20 01:34:44,552 - ERROR - API请求失败：'choices'
2025-05-20 01:34:44,628 - ERROR - API请求失败：'choices'
2025-05-20 01:34:44,629 - ERROR - API请求失败：'choices'
2025-05-20 01:34:44,906 - ERROR - API请求失败：'choices'
2025-05-20 01:34:44,922 - ERROR - API请求失败：'choices'
2025-05-20 01:34:44,927 - ERROR - API请求失败：'choices'
2025-05-20 01:34:44,957 - ERROR - API请求失败：'choices'
2025-05-20 01:34:45,209 - ERROR - API请求失败：'choices'
2025-05-20 01:34:45,298 - ERROR - API请求失败：'choices'
2025-05-20 01:34:45,340 - ERROR - API请求失败：'choices'
2025-05-20 01:34:45,469 - ERROR - API请求失败：'choices'
2025-05-20 01:34:45,756 - ERROR - API请求失败：'choices'
2025-05-20 01:34:45,807 - ERROR - API请求失败：'choices'
2025-05-20 01:34:45,808 - ERROR - API请求失败：'choices'
2025-05-20 01:34:46,979 - ERROR - API请求失败：'choices'
2025-06-08 01:48:18,841 - ERROR - API请求失败：HTTPSConnectionPool(host='xiaoai.plus', port=443): Max retries exceeded with url: /v1/chat/completions (Caused by ConnectTimeoutError(<urllib3.connection.HTTPSConnection object at 0x0000024ECFF05A00>, 'Connection to xiaoai.plus timed out. (connect timeout=35)'))
2025-06-08 01:48:20,787 - ERROR - API请求失败：400 Client Error: Bad Request for url: https://xiaoai.plus/v1/chat/completions
2025-06-08 01:48:22,622 - ERROR - API请求失败：400 Client Error: Bad Request for url: https://xiaoai.plus/v1/chat/completions
2025-06-08 01:48:25,644 - ERROR - API请求失败：HTTPSConnectionPool(host='xiaoai.plus', port=443): Max retries exceeded with url: /v1/chat/completions (Caused by ConnectTimeoutError(<urllib3.connection.HTTPSConnection object at 0x0000024ECFED9700>, 'Connection to xiaoai.plus timed out. (connect timeout=35)'))
2025-06-08 01:48:36,179 - ERROR - API请求失败：HTTPSConnectionPool(host='xiaoai.plus', port=443): Max retries exceeded with url: /v1/chat/completions (Caused by ConnectTimeoutError(<urllib3.connection.HTTPSConnection object at 0x0000024ECFEDA120>, 'Connection to xiaoai.plus timed out. (connect timeout=35)'))
2025-06-08 01:48:40,002 - ERROR - API请求失败：400 Client Error: Bad Request for url: https://xiaoai.plus/v1/chat/completions
2025-06-08 01:48:40,783 - ERROR - API请求失败：HTTPSConnectionPool(host='xiaoai.plus', port=443): Max retries exceeded with url: /v1/chat/completions (Caused by ConnectTimeoutError(<urllib3.connection.HTTPSConnection object at 0x0000024ECFEB6FF0>, 'Connection to xiaoai.plus timed out. (connect timeout=35)'))
2025-06-08 01:48:53,133 - ERROR - API请求失败：400 Client Error: Bad Request for url: https://xiaoai.plus/v1/chat/completions
2025-06-08 01:49:00,459 - ERROR - API请求失败：HTTPSConnectionPool(host='xiaoai.plus', port=443): Max retries exceeded with url: /v1/chat/completions (Caused by ConnectTimeoutError(<urllib3.connection.HTTPSConnection object at 0x0000024ECDEBF8F0>, 'Connection to xiaoai.plus timed out. (connect timeout=35)'))
2025-06-08 01:49:11,350 - ERROR - API请求失败：400 Client Error: Bad Request for url: https://xiaoai.plus/v1/chat/completions
2025-06-08 01:49:16,291 - ERROR - API请求失败：HTTPSConnectionPool(host='xiaoai.plus', port=443): Max retries exceeded with url: /v1/chat/completions (Caused by ConnectTimeoutError(<urllib3.connection.HTTPSConnection object at 0x0000024ECDF1F980>, 'Connection to xiaoai.plus timed out. (connect timeout=35)'))
2025-06-08 01:49:24,287 - ERROR - API请求失败：HTTPSConnectionPool(host='xiaoai.plus', port=443): Max retries exceeded with url: /v1/chat/completions (Caused by ConnectTimeoutError(<urllib3.connection.HTTPSConnection object at 0x0000024ECFEB6CC0>, 'Connection to xiaoai.plus timed out. (connect timeout=35)'))
2025-06-08 01:49:27,223 - ERROR - API请求失败：HTTPSConnectionPool(host='xiaoai.plus', port=443): Max retries exceeded with url: /v1/chat/completions (Caused by ConnectTimeoutError(<urllib3.connection.HTTPSConnection object at 0x0000024ECE2531A0>, 'Connection to xiaoai.plus timed out. (connect timeout=35)'))
2025-06-08 01:49:44,121 - ERROR - API请求失败：HTTPSConnectionPool(host='xiaoai.plus', port=443): Read timed out. (read timeout=35)
2025-06-08 01:49:44,323 - ERROR - API请求失败：HTTPSConnectionPool(host='xiaoai.plus', port=443): Max retries exceeded with url: /v1/chat/completions (Caused by ConnectTimeoutError(<urllib3.connection.HTTPSConnection object at 0x0000024ECDF638F0>, 'Connection to xiaoai.plus timed out. (connect timeout=35)'))
