2025-05-18 23:41:22,162 - ERROR - API请求失败：HTTPSConnectionPool(host='xiaoai.plus', port=443): Max retries exceeded with url: /v1/chat/completions (Caused by NewConnectionError('<urllib3.connection.HTTPSConnection object at 0x0000029EDB8BA310>: Failed to establish a new connection: [WinError 10060] 由于连接方在一段时间后没有正确答复或连接的主机没有反应，连接尝试失败。'))
2025-05-20 01:34:37,627 - ERROR - API请求失败：'choices'
2025-05-20 01:34:39,183 - ERROR - API请求失败：'choices'
2025-05-20 01:34:39,436 - ERROR - API请求失败：'choices'
2025-05-20 01:34:40,810 - ERROR - API请求失败：'choices'
2025-05-20 01:34:40,824 - ERROR - API请求失败：'choices'
2025-05-20 01:34:40,825 - ERROR - API请求失败：'choices'
2025-05-20 01:34:41,190 - ERROR - API请求失败：'choices'
2025-05-20 01:34:41,195 - ERROR - API请求失败：'choices'
2025-05-20 01:34:41,480 - ERROR - API请求失败：'choices'
2025-05-20 01:34:41,537 - ERROR - API请求失败：'choices'
2025-05-20 01:34:41,899 - ERROR - API请求失败：'choices'
2025-05-20 01:34:41,904 - ERROR - API请求失败：'choices'
2025-05-20 01:34:41,905 - ERROR - API请求失败：'choices'
2025-05-20 01:34:42,016 - ERROR - API请求失败：'choices'
2025-05-20 01:34:42,424 - ERROR - API请求失败：'choices'
2025-05-20 01:34:42,483 - ERROR - API请求失败：'choices'
2025-05-20 01:34:42,508 - ERROR - API请求失败：'choices'
2025-05-20 01:34:42,596 - ERROR - API请求失败：'choices'
2025-05-20 01:34:42,648 - ERROR - API请求失败：'choices'
2025-05-20 01:34:42,965 - ERROR - API请求失败：'choices'
2025-05-20 01:34:43,198 - ERROR - API请求失败：'choices'
2025-05-20 01:34:43,368 - ERROR - API请求失败：'choices'
2025-05-20 01:34:43,430 - ERROR - API请求失败：'choices'
2025-05-20 01:34:43,611 - ERROR - API请求失败：'choices'
2025-05-20 01:34:43,633 - ERROR - API请求失败：'choices'
2025-05-20 01:34:44,427 - ERROR - API请求失败：'choices'
2025-05-20 01:34:44,519 - ERROR - API请求失败：'choices'
2025-05-20 01:34:44,552 - ERROR - API请求失败：'choices'
2025-05-20 01:34:44,628 - ERROR - API请求失败：'choices'
2025-05-20 01:34:44,629 - ERROR - API请求失败：'choices'
2025-05-20 01:34:44,906 - ERROR - API请求失败：'choices'
2025-05-20 01:34:44,922 - ERROR - API请求失败：'choices'
2025-05-20 01:34:44,927 - ERROR - API请求失败：'choices'
2025-05-20 01:34:44,957 - ERROR - API请求失败：'choices'
2025-05-20 01:34:45,209 - ERROR - API请求失败：'choices'
2025-05-20 01:34:45,298 - ERROR - API请求失败：'choices'
2025-05-20 01:34:45,340 - ERROR - API请求失败：'choices'
2025-05-20 01:34:45,469 - ERROR - API请求失败：'choices'
2025-05-20 01:34:45,756 - ERROR - API请求失败：'choices'
2025-05-20 01:34:45,807 - ERROR - API请求失败：'choices'
2025-05-20 01:34:45,808 - ERROR - API请求失败：'choices'
2025-05-20 01:34:46,979 - ERROR - API请求失败：'choices'
2025-06-08 01:48:18,841 - ERROR - API请求失败：HTTPSConnectionPool(host='xiaoai.plus', port=443): Max retries exceeded with url: /v1/chat/completions (Caused by ConnectTimeoutError(<urllib3.connection.HTTPSConnection object at 0x0000024ECFF05A00>, 'Connection to xiaoai.plus timed out. (connect timeout=35)'))
2025-06-08 01:48:20,787 - ERROR - API请求失败：400 Client Error: Bad Request for url: https://xiaoai.plus/v1/chat/completions
2025-06-08 01:48:22,622 - ERROR - API请求失败：400 Client Error: Bad Request for url: https://xiaoai.plus/v1/chat/completions
2025-06-08 01:48:25,644 - ERROR - API请求失败：HTTPSConnectionPool(host='xiaoai.plus', port=443): Max retries exceeded with url: /v1/chat/completions (Caused by ConnectTimeoutError(<urllib3.connection.HTTPSConnection object at 0x0000024ECFED9700>, 'Connection to xiaoai.plus timed out. (connect timeout=35)'))
2025-06-08 01:48:36,179 - ERROR - API请求失败：HTTPSConnectionPool(host='xiaoai.plus', port=443): Max retries exceeded with url: /v1/chat/completions (Caused by ConnectTimeoutError(<urllib3.connection.HTTPSConnection object at 0x0000024ECFEDA120>, 'Connection to xiaoai.plus timed out. (connect timeout=35)'))
2025-06-08 01:48:40,002 - ERROR - API请求失败：400 Client Error: Bad Request for url: https://xiaoai.plus/v1/chat/completions
2025-06-08 01:48:40,783 - ERROR - API请求失败：HTTPSConnectionPool(host='xiaoai.plus', port=443): Max retries exceeded with url: /v1/chat/completions (Caused by ConnectTimeoutError(<urllib3.connection.HTTPSConnection object at 0x0000024ECFEB6FF0>, 'Connection to xiaoai.plus timed out. (connect timeout=35)'))
2025-06-08 01:48:53,133 - ERROR - API请求失败：400 Client Error: Bad Request for url: https://xiaoai.plus/v1/chat/completions
2025-06-08 01:49:00,459 - ERROR - API请求失败：HTTPSConnectionPool(host='xiaoai.plus', port=443): Max retries exceeded with url: /v1/chat/completions (Caused by ConnectTimeoutError(<urllib3.connection.HTTPSConnection object at 0x0000024ECDEBF8F0>, 'Connection to xiaoai.plus timed out. (connect timeout=35)'))
2025-06-08 01:49:11,350 - ERROR - API请求失败：400 Client Error: Bad Request for url: https://xiaoai.plus/v1/chat/completions
2025-06-08 01:49:16,291 - ERROR - API请求失败：HTTPSConnectionPool(host='xiaoai.plus', port=443): Max retries exceeded with url: /v1/chat/completions (Caused by ConnectTimeoutError(<urllib3.connection.HTTPSConnection object at 0x0000024ECDF1F980>, 'Connection to xiaoai.plus timed out. (connect timeout=35)'))
2025-06-08 01:49:24,287 - ERROR - API请求失败：HTTPSConnectionPool(host='xiaoai.plus', port=443): Max retries exceeded with url: /v1/chat/completions (Caused by ConnectTimeoutError(<urllib3.connection.HTTPSConnection object at 0x0000024ECFEB6CC0>, 'Connection to xiaoai.plus timed out. (connect timeout=35)'))
2025-06-08 01:49:27,223 - ERROR - API请求失败：HTTPSConnectionPool(host='xiaoai.plus', port=443): Max retries exceeded with url: /v1/chat/completions (Caused by ConnectTimeoutError(<urllib3.connection.HTTPSConnection object at 0x0000024ECE2531A0>, 'Connection to xiaoai.plus timed out. (connect timeout=35)'))
2025-06-08 01:49:44,121 - ERROR - API请求失败：HTTPSConnectionPool(host='xiaoai.plus', port=443): Read timed out. (read timeout=35)
2025-06-08 01:49:44,323 - ERROR - API请求失败：HTTPSConnectionPool(host='xiaoai.plus', port=443): Max retries exceeded with url: /v1/chat/completions (Caused by ConnectTimeoutError(<urllib3.connection.HTTPSConnection object at 0x0000024ECDF638F0>, 'Connection to xiaoai.plus timed out. (connect timeout=35)'))
2025-06-12 20:07:01,491 - ERROR - API请求失败：HTTPSConnectionPool(host='xiaoai.plus', port=443): Max retries exceeded with url: /v1/chat/completions (Caused by ConnectTimeoutError(<urllib3.connection.HTTPSConnection object at 0x000002C9F9DC2A20>, 'Connection to xiaoai.plus timed out. (connect timeout=35)'))
2025-06-12 20:07:04,002 - ERROR - API请求失败：400 Client Error: Bad Request for url: https://xiaoai.plus/v1/chat/completions
2025-06-12 20:07:09,051 - ERROR - API请求失败：HTTPSConnectionPool(host='xiaoai.plus', port=443): Max retries exceeded with url: /v1/chat/completions (Caused by ConnectTimeoutError(<urllib3.connection.HTTPSConnection object at 0x000002C9F9904DD0>, 'Connection to xiaoai.plus timed out. (connect timeout=35)'))
2025-06-12 20:07:12,382 - ERROR - API请求失败：HTTPSConnectionPool(host='xiaoai.plus', port=443): Max retries exceeded with url: /v1/chat/completions (Caused by ConnectTimeoutError(<urllib3.connection.HTTPSConnection object at 0x000002C9F9DE5730>, 'Connection to xiaoai.plus timed out. (connect timeout=35)'))
2025-06-12 20:07:16,563 - ERROR - API请求失败：HTTPSConnectionPool(host='xiaoai.plus', port=443): Max retries exceeded with url: /v1/chat/completions (Caused by ConnectTimeoutError(<urllib3.connection.HTTPSConnection object at 0x000002C9F9907200>, 'Connection to xiaoai.plus timed out. (connect timeout=35)'))
2025-06-12 20:07:22,332 - ERROR - API请求失败：HTTPSConnectionPool(host='xiaoai.plus', port=443): Max retries exceeded with url: /v1/chat/completions (Caused by ConnectTimeoutError(<urllib3.connection.HTTPSConnection object at 0x000002C9F9D99280>, 'Connection to xiaoai.plus timed out. (connect timeout=35)'))
2025-06-12 20:07:23,147 - ERROR - API请求失败：HTTPSConnectionPool(host='xiaoai.plus', port=443): Max retries exceeded with url: /v1/chat/completions (Caused by ConnectTimeoutError(<urllib3.connection.HTTPSConnection object at 0x000002C9F9D77B90>, 'Connection to xiaoai.plus timed out. (connect timeout=35)'))
2025-06-12 20:07:44,418 - ERROR - API请求失败：HTTPSConnectionPool(host='xiaoai.plus', port=443): Max retries exceeded with url: /v1/chat/completions (Caused by ConnectTimeoutError(<urllib3.connection.HTTPSConnection object at 0x000002C9F9D77A10>, 'Connection to xiaoai.plus timed out. (connect timeout=35)'))
2025-06-12 20:08:00,206 - ERROR - API请求失败：HTTPSConnectionPool(host='xiaoai.plus', port=443): Max retries exceeded with url: /v1/chat/completions (Caused by ConnectTimeoutError(<urllib3.connection.HTTPSConnection object at 0x000002C9F9D74860>, 'Connection to xiaoai.plus timed out. (connect timeout=35)'))
2025-06-12 20:08:03,790 - ERROR - API请求失败：HTTPSConnectionPool(host='xiaoai.plus', port=443): Max retries exceeded with url: /v1/chat/completions (Caused by ConnectTimeoutError(<urllib3.connection.HTTPSConnection object at 0x000002C9F9917500>, 'Connection to xiaoai.plus timed out. (connect timeout=35)'))
2025-06-12 20:08:09,164 - ERROR - API请求失败：HTTPSConnectionPool(host='xiaoai.plus', port=443): Max retries exceeded with url: /v1/chat/completions (Caused by ConnectTimeoutError(<urllib3.connection.HTTPSConnection object at 0x000002C9F9D2F380>, 'Connection to xiaoai.plus timed out. (connect timeout=35)'))
2025-06-12 20:08:13,065 - ERROR - API请求失败：HTTPSConnectionPool(host='xiaoai.plus', port=443): Max retries exceeded with url: /v1/chat/completions (Caused by ConnectTimeoutError(<urllib3.connection.HTTPSConnection object at 0x000002C9F9DC3E30>, 'Connection to xiaoai.plus timed out. (connect timeout=35)'))
2025-06-12 20:08:13,392 - ERROR - API请求失败：400 Client Error: Bad Request for url: https://xiaoai.plus/v1/chat/completions
2025-06-12 20:08:25,879 - ERROR - API请求失败：HTTPSConnectionPool(host='xiaoai.plus', port=443): Max retries exceeded with url: /v1/chat/completions (Caused by ConnectTimeoutError(<urllib3.connection.HTTPSConnection object at 0x000002C9F99AA270>, 'Connection to xiaoai.plus timed out. (connect timeout=35)'))
2025-06-12 20:08:29,010 - ERROR - API请求失败：HTTPSConnectionPool(host='xiaoai.plus', port=443): Max retries exceeded with url: /v1/chat/completions (Caused by ConnectTimeoutError(<urllib3.connection.HTTPSConnection object at 0x000002C9F9DC3440>, 'Connection to xiaoai.plus timed out. (connect timeout=35)'))
2025-06-12 20:08:34,370 - ERROR - API请求失败：403 Client Error: Forbidden for url: https://xiaoai.plus/v1/chat/completions
2025-06-12 20:08:34,372 - ERROR - API请求失败：403 Client Error: Forbidden for url: https://xiaoai.plus/v1/chat/completions
2025-06-12 20:08:34,466 - ERROR - API请求失败：403 Client Error: Forbidden for url: https://xiaoai.plus/v1/chat/completions
2025-06-12 20:08:34,471 - ERROR - API请求失败：403 Client Error: Forbidden for url: https://xiaoai.plus/v1/chat/completions
2025-06-12 20:08:34,726 - ERROR - API请求失败：403 Client Error: Forbidden for url: https://xiaoai.plus/v1/chat/completions
2025-06-12 20:08:34,728 - ERROR - API请求失败：403 Client Error: Forbidden for url: https://xiaoai.plus/v1/chat/completions
2025-06-12 20:08:34,874 - ERROR - API请求失败：403 Client Error: Forbidden for url: https://xiaoai.plus/v1/chat/completions
2025-06-12 20:08:34,885 - ERROR - API请求失败：403 Client Error: Forbidden for url: https://xiaoai.plus/v1/chat/completions
2025-06-12 20:08:35,078 - ERROR - API请求失败：403 Client Error: Forbidden for url: https://xiaoai.plus/v1/chat/completions
2025-06-12 20:08:35,259 - ERROR - API请求失败：403 Client Error: Forbidden for url: https://xiaoai.plus/v1/chat/completions
2025-06-12 20:08:35,309 - ERROR - API请求失败：403 Client Error: Forbidden for url: https://xiaoai.plus/v1/chat/completions
2025-06-12 20:08:35,481 - ERROR - API请求失败：403 Client Error: Forbidden for url: https://xiaoai.plus/v1/chat/completions
2025-06-12 20:08:35,548 - ERROR - API请求失败：403 Client Error: Forbidden for url: https://xiaoai.plus/v1/chat/completions
2025-06-12 20:08:35,662 - ERROR - API请求失败：403 Client Error: Forbidden for url: https://xiaoai.plus/v1/chat/completions
2025-06-12 20:08:35,907 - ERROR - API请求失败：403 Client Error: Forbidden for url: https://xiaoai.plus/v1/chat/completions
2025-06-12 20:08:36,081 - ERROR - API请求失败：403 Client Error: Forbidden for url: https://xiaoai.plus/v1/chat/completions
2025-06-12 20:08:36,136 - ERROR - API请求失败：403 Client Error: Forbidden for url: https://xiaoai.plus/v1/chat/completions
2025-06-12 20:08:36,148 - ERROR - API请求失败：403 Client Error: Forbidden for url: https://xiaoai.plus/v1/chat/completions
2025-06-12 20:08:36,185 - ERROR - API请求失败：403 Client Error: Forbidden for url: https://xiaoai.plus/v1/chat/completions
2025-06-12 20:08:36,336 - ERROR - API请求失败：403 Client Error: Forbidden for url: https://xiaoai.plus/v1/chat/completions
2025-06-12 20:08:36,368 - ERROR - API请求失败：403 Client Error: Forbidden for url: https://xiaoai.plus/v1/chat/completions
2025-06-12 20:08:36,378 - ERROR - API请求失败：403 Client Error: Forbidden for url: https://xiaoai.plus/v1/chat/completions
2025-06-12 20:08:36,522 - ERROR - API请求失败：403 Client Error: Forbidden for url: https://xiaoai.plus/v1/chat/completions
2025-06-12 20:08:36,523 - ERROR - API请求失败：403 Client Error: Forbidden for url: https://xiaoai.plus/v1/chat/completions
2025-06-12 20:08:36,530 - ERROR - API请求失败：403 Client Error: Forbidden for url: https://xiaoai.plus/v1/chat/completions
2025-06-12 20:08:36,677 - ERROR - API请求失败：403 Client Error: Forbidden for url: https://xiaoai.plus/v1/chat/completions
2025-06-12 20:08:36,685 - ERROR - API请求失败：403 Client Error: Forbidden for url: https://xiaoai.plus/v1/chat/completions
2025-06-12 20:08:36,837 - ERROR - API请求失败：403 Client Error: Forbidden for url: https://xiaoai.plus/v1/chat/completions
2025-06-12 20:08:36,998 - ERROR - API请求失败：403 Client Error: Forbidden for url: https://xiaoai.plus/v1/chat/completions
2025-06-12 20:08:37,050 - ERROR - API请求失败：403 Client Error: Forbidden for url: https://xiaoai.plus/v1/chat/completions
2025-06-12 20:08:37,137 - ERROR - API请求失败：403 Client Error: Forbidden for url: https://xiaoai.plus/v1/chat/completions
2025-06-12 20:08:37,205 - ERROR - API请求失败：403 Client Error: Forbidden for url: https://xiaoai.plus/v1/chat/completions
2025-06-12 20:08:37,265 - ERROR - API请求失败：403 Client Error: Forbidden for url: https://xiaoai.plus/v1/chat/completions
2025-06-12 20:08:37,383 - ERROR - API请求失败：403 Client Error: Forbidden for url: https://xiaoai.plus/v1/chat/completions
2025-06-12 20:08:37,493 - ERROR - API请求失败：403 Client Error: Forbidden for url: https://xiaoai.plus/v1/chat/completions
2025-06-12 20:08:37,525 - ERROR - API请求失败：403 Client Error: Forbidden for url: https://xiaoai.plus/v1/chat/completions
2025-06-12 20:08:37,631 - ERROR - API请求失败：403 Client Error: Forbidden for url: https://xiaoai.plus/v1/chat/completions
2025-06-12 20:08:37,829 - ERROR - API请求失败：403 Client Error: Forbidden for url: https://xiaoai.plus/v1/chat/completions
2025-06-12 20:08:37,922 - ERROR - API请求失败：403 Client Error: Forbidden for url: https://xiaoai.plus/v1/chat/completions
2025-06-12 20:08:37,993 - ERROR - API请求失败：403 Client Error: Forbidden for url: https://xiaoai.plus/v1/chat/completions
2025-06-12 20:08:38,038 - ERROR - API请求失败：403 Client Error: Forbidden for url: https://xiaoai.plus/v1/chat/completions
2025-06-12 20:08:38,041 - ERROR - API请求失败：403 Client Error: Forbidden for url: https://xiaoai.plus/v1/chat/completions
2025-06-12 20:08:38,222 - ERROR - API请求失败：403 Client Error: Forbidden for url: https://xiaoai.plus/v1/chat/completions
2025-06-12 20:08:38,243 - ERROR - API请求失败：403 Client Error: Forbidden for url: https://xiaoai.plus/v1/chat/completions
2025-06-12 20:08:38,267 - ERROR - API请求失败：403 Client Error: Forbidden for url: https://xiaoai.plus/v1/chat/completions
2025-06-12 20:08:38,303 - ERROR - API请求失败：403 Client Error: Forbidden for url: https://xiaoai.plus/v1/chat/completions
2025-06-12 20:08:38,331 - ERROR - API请求失败：403 Client Error: Forbidden for url: https://xiaoai.plus/v1/chat/completions
2025-06-12 20:08:38,360 - ERROR - API请求失败：403 Client Error: Forbidden for url: https://xiaoai.plus/v1/chat/completions
2025-06-12 20:08:38,444 - ERROR - API请求失败：403 Client Error: Forbidden for url: https://xiaoai.plus/v1/chat/completions
2025-06-12 20:08:38,465 - ERROR - API请求失败：403 Client Error: Forbidden for url: https://xiaoai.plus/v1/chat/completions
2025-06-12 20:08:38,580 - ERROR - API请求失败：403 Client Error: Forbidden for url: https://xiaoai.plus/v1/chat/completions
2025-06-12 20:08:38,620 - ERROR - API请求失败：403 Client Error: Forbidden for url: https://xiaoai.plus/v1/chat/completions
2025-06-12 20:08:38,684 - ERROR - API请求失败：403 Client Error: Forbidden for url: https://xiaoai.plus/v1/chat/completions
2025-06-12 20:08:38,791 - ERROR - API请求失败：403 Client Error: Forbidden for url: https://xiaoai.plus/v1/chat/completions
2025-06-12 20:08:38,816 - ERROR - API请求失败：403 Client Error: Forbidden for url: https://xiaoai.plus/v1/chat/completions
2025-06-12 20:08:38,959 - ERROR - API请求失败：403 Client Error: Forbidden for url: https://xiaoai.plus/v1/chat/completions
2025-06-12 20:08:38,974 - ERROR - API请求失败：403 Client Error: Forbidden for url: https://xiaoai.plus/v1/chat/completions
2025-06-12 20:08:39,043 - ERROR - API请求失败：403 Client Error: Forbidden for url: https://xiaoai.plus/v1/chat/completions
2025-06-12 20:08:39,159 - ERROR - API请求失败：403 Client Error: Forbidden for url: https://xiaoai.plus/v1/chat/completions
2025-06-12 20:08:39,280 - ERROR - API请求失败：403 Client Error: Forbidden for url: https://xiaoai.plus/v1/chat/completions
2025-06-12 20:08:39,343 - ERROR - API请求失败：403 Client Error: Forbidden for url: https://xiaoai.plus/v1/chat/completions
2025-06-12 20:08:39,434 - ERROR - API请求失败：403 Client Error: Forbidden for url: https://xiaoai.plus/v1/chat/completions
2025-06-12 20:08:39,545 - ERROR - API请求失败：403 Client Error: Forbidden for url: https://xiaoai.plus/v1/chat/completions
2025-06-12 20:08:39,748 - ERROR - API请求失败：403 Client Error: Forbidden for url: https://xiaoai.plus/v1/chat/completions
2025-06-12 20:08:39,857 - ERROR - API请求失败：403 Client Error: Forbidden for url: https://xiaoai.plus/v1/chat/completions
2025-06-12 20:08:39,885 - ERROR - API请求失败：403 Client Error: Forbidden for url: https://xiaoai.plus/v1/chat/completions
2025-06-12 20:08:39,980 - ERROR - API请求失败：403 Client Error: Forbidden for url: https://xiaoai.plus/v1/chat/completions
2025-06-12 20:08:40,015 - ERROR - API请求失败：403 Client Error: Forbidden for url: https://xiaoai.plus/v1/chat/completions
2025-06-12 20:08:40,031 - ERROR - API请求失败：403 Client Error: Forbidden for url: https://xiaoai.plus/v1/chat/completions
2025-06-12 20:08:40,158 - ERROR - API请求失败：403 Client Error: Forbidden for url: https://xiaoai.plus/v1/chat/completions
2025-06-12 20:08:40,250 - ERROR - API请求失败：403 Client Error: Forbidden for url: https://xiaoai.plus/v1/chat/completions
2025-06-12 20:08:40,260 - ERROR - API请求失败：403 Client Error: Forbidden for url: https://xiaoai.plus/v1/chat/completions
2025-06-12 20:08:40,272 - ERROR - API请求失败：403 Client Error: Forbidden for url: https://xiaoai.plus/v1/chat/completions
2025-06-12 20:08:40,406 - ERROR - API请求失败：403 Client Error: Forbidden for url: https://xiaoai.plus/v1/chat/completions
2025-06-12 20:08:40,439 - ERROR - API请求失败：403 Client Error: Forbidden for url: https://xiaoai.plus/v1/chat/completions
2025-06-12 20:08:40,588 - ERROR - API请求失败：403 Client Error: Forbidden for url: https://xiaoai.plus/v1/chat/completions
2025-06-12 20:08:40,659 - ERROR - API请求失败：403 Client Error: Forbidden for url: https://xiaoai.plus/v1/chat/completions
2025-06-12 20:08:40,723 - ERROR - API请求失败：403 Client Error: Forbidden for url: https://xiaoai.plus/v1/chat/completions
2025-06-12 20:08:40,769 - ERROR - API请求失败：403 Client Error: Forbidden for url: https://xiaoai.plus/v1/chat/completions
2025-06-12 20:08:40,783 - ERROR - API请求失败：403 Client Error: Forbidden for url: https://xiaoai.plus/v1/chat/completions
2025-06-12 20:08:40,861 - ERROR - API请求失败：403 Client Error: Forbidden for url: https://xiaoai.plus/v1/chat/completions
2025-06-12 20:08:41,006 - ERROR - API请求失败：403 Client Error: Forbidden for url: https://xiaoai.plus/v1/chat/completions
2025-06-12 20:08:41,018 - ERROR - API请求失败：403 Client Error: Forbidden for url: https://xiaoai.plus/v1/chat/completions
2025-06-12 20:08:41,025 - ERROR - API请求失败：403 Client Error: Forbidden for url: https://xiaoai.plus/v1/chat/completions
2025-06-12 20:08:41,118 - ERROR - API请求失败：403 Client Error: Forbidden for url: https://xiaoai.plus/v1/chat/completions
2025-06-12 20:08:41,172 - ERROR - API请求失败：403 Client Error: Forbidden for url: https://xiaoai.plus/v1/chat/completions
2025-06-12 20:08:41,261 - ERROR - API请求失败：403 Client Error: Forbidden for url: https://xiaoai.plus/v1/chat/completions
2025-06-12 20:08:41,302 - ERROR - API请求失败：403 Client Error: Forbidden for url: https://xiaoai.plus/v1/chat/completions
2025-06-12 20:08:41,462 - ERROR - API请求失败：403 Client Error: Forbidden for url: https://xiaoai.plus/v1/chat/completions
2025-06-12 20:08:41,472 - ERROR - API请求失败：403 Client Error: Forbidden for url: https://xiaoai.plus/v1/chat/completions
2025-06-12 20:08:41,762 - ERROR - API请求失败：403 Client Error: Forbidden for url: https://xiaoai.plus/v1/chat/completions
2025-06-12 20:08:41,767 - ERROR - API请求失败：403 Client Error: Forbidden for url: https://xiaoai.plus/v1/chat/completions
2025-06-12 20:08:41,772 - ERROR - API请求失败：403 Client Error: Forbidden for url: https://xiaoai.plus/v1/chat/completions
2025-06-12 20:08:41,858 - ERROR - API请求失败：403 Client Error: Forbidden for url: https://xiaoai.plus/v1/chat/completions
2025-06-12 20:08:41,945 - ERROR - API请求失败：403 Client Error: Forbidden for url: https://xiaoai.plus/v1/chat/completions
2025-06-12 20:08:42,130 - ERROR - API请求失败：403 Client Error: Forbidden for url: https://xiaoai.plus/v1/chat/completions
2025-06-12 20:08:42,238 - ERROR - API请求失败：403 Client Error: Forbidden for url: https://xiaoai.plus/v1/chat/completions
2025-06-12 20:08:42,281 - ERROR - API请求失败：403 Client Error: Forbidden for url: https://xiaoai.plus/v1/chat/completions
2025-06-12 20:08:42,519 - ERROR - API请求失败：403 Client Error: Forbidden for url: https://xiaoai.plus/v1/chat/completions
2025-06-12 20:08:42,706 - ERROR - API请求失败：403 Client Error: Forbidden for url: https://xiaoai.plus/v1/chat/completions
2025-06-12 20:08:42,731 - ERROR - API请求失败：403 Client Error: Forbidden for url: https://xiaoai.plus/v1/chat/completions
2025-06-12 20:08:42,739 - ERROR - API请求失败：403 Client Error: Forbidden for url: https://xiaoai.plus/v1/chat/completions
2025-06-12 20:08:42,869 - ERROR - API请求失败：403 Client Error: Forbidden for url: https://xiaoai.plus/v1/chat/completions
2025-06-12 20:08:42,891 - ERROR - API请求失败：403 Client Error: Forbidden for url: https://xiaoai.plus/v1/chat/completions
2025-06-12 20:08:42,942 - ERROR - API请求失败：403 Client Error: Forbidden for url: https://xiaoai.plus/v1/chat/completions
2025-06-12 20:08:43,033 - ERROR - API请求失败：403 Client Error: Forbidden for url: https://xiaoai.plus/v1/chat/completions
2025-06-12 20:08:43,034 - ERROR - API请求失败：403 Client Error: Forbidden for url: https://xiaoai.plus/v1/chat/completions
2025-06-12 20:08:43,118 - ERROR - API请求失败：403 Client Error: Forbidden for url: https://xiaoai.plus/v1/chat/completions
2025-06-12 20:08:43,123 - ERROR - API请求失败：403 Client Error: Forbidden for url: https://xiaoai.plus/v1/chat/completions
2025-06-12 20:08:43,140 - ERROR - API请求失败：403 Client Error: Forbidden for url: https://xiaoai.plus/v1/chat/completions
2025-06-12 20:08:43,217 - ERROR - API请求失败：403 Client Error: Forbidden for url: https://xiaoai.plus/v1/chat/completions
2025-06-12 20:08:43,219 - ERROR - API请求失败：403 Client Error: Forbidden for url: https://xiaoai.plus/v1/chat/completions
2025-06-12 20:08:43,459 - ERROR - API请求失败：403 Client Error: Forbidden for url: https://xiaoai.plus/v1/chat/completions
2025-06-12 20:08:43,501 - ERROR - API请求失败：403 Client Error: Forbidden for url: https://xiaoai.plus/v1/chat/completions
2025-06-12 20:08:43,531 - ERROR - API请求失败：403 Client Error: Forbidden for url: https://xiaoai.plus/v1/chat/completions
2025-06-12 20:08:43,803 - ERROR - API请求失败：403 Client Error: Forbidden for url: https://xiaoai.plus/v1/chat/completions
2025-06-12 20:08:43,803 - ERROR - API请求失败：403 Client Error: Forbidden for url: https://xiaoai.plus/v1/chat/completions
2025-06-12 20:08:43,804 - ERROR - API请求失败：403 Client Error: Forbidden for url: https://xiaoai.plus/v1/chat/completions
2025-06-12 20:08:43,815 - ERROR - API请求失败：403 Client Error: Forbidden for url: https://xiaoai.plus/v1/chat/completions
2025-06-12 20:08:43,922 - ERROR - API请求失败：403 Client Error: Forbidden for url: https://xiaoai.plus/v1/chat/completions
2025-06-12 20:08:43,931 - ERROR - API请求失败：403 Client Error: Forbidden for url: https://xiaoai.plus/v1/chat/completions
2025-06-12 20:08:44,094 - ERROR - API请求失败：403 Client Error: Forbidden for url: https://xiaoai.plus/v1/chat/completions
2025-06-12 20:08:44,109 - ERROR - API请求失败：403 Client Error: Forbidden for url: https://xiaoai.plus/v1/chat/completions
2025-06-12 20:08:44,485 - ERROR - API请求失败：403 Client Error: Forbidden for url: https://xiaoai.plus/v1/chat/completions
2025-06-12 20:08:44,709 - ERROR - API请求失败：403 Client Error: Forbidden for url: https://xiaoai.plus/v1/chat/completions
2025-06-12 20:08:44,728 - ERROR - API请求失败：403 Client Error: Forbidden for url: https://xiaoai.plus/v1/chat/completions
2025-06-12 20:08:44,734 - ERROR - API请求失败：403 Client Error: Forbidden for url: https://xiaoai.plus/v1/chat/completions
2025-06-12 20:08:44,777 - ERROR - API请求失败：403 Client Error: Forbidden for url: https://xiaoai.plus/v1/chat/completions
2025-06-12 20:08:44,884 - ERROR - API请求失败：403 Client Error: Forbidden for url: https://xiaoai.plus/v1/chat/completions
2025-06-12 20:08:45,000 - ERROR - API请求失败：403 Client Error: Forbidden for url: https://xiaoai.plus/v1/chat/completions
2025-06-12 20:08:45,024 - ERROR - API请求失败：403 Client Error: Forbidden for url: https://xiaoai.plus/v1/chat/completions
2025-06-12 20:08:45,086 - ERROR - API请求失败：403 Client Error: Forbidden for url: https://xiaoai.plus/v1/chat/completions
2025-06-12 20:08:45,180 - ERROR - API请求失败：403 Client Error: Forbidden for url: https://xiaoai.plus/v1/chat/completions
2025-06-12 20:08:45,251 - ERROR - API请求失败：403 Client Error: Forbidden for url: https://xiaoai.plus/v1/chat/completions
2025-06-12 20:08:45,714 - ERROR - API请求失败：403 Client Error: Forbidden for url: https://xiaoai.plus/v1/chat/completions
2025-06-12 20:08:45,806 - ERROR - API请求失败：403 Client Error: Forbidden for url: https://xiaoai.plus/v1/chat/completions
2025-06-12 20:08:48,463 - ERROR - API请求失败：HTTPSConnectionPool(host='xiaoai.plus', port=443): Max retries exceeded with url: /v1/chat/completions (Caused by ConnectTimeoutError(<urllib3.connection.HTTPSConnection object at 0x000002C9F9DC0AA0>, 'Connection to xiaoai.plus timed out. (connect timeout=35)'))
2025-06-12 20:08:54,686 - ERROR - API请求失败：HTTPSConnectionPool(host='xiaoai.plus', port=443): Max retries exceeded with url: /v1/chat/completions (Caused by ConnectTimeoutError(<urllib3.connection.HTTPSConnection object at 0x000002C9F9BF8200>, 'Connection to xiaoai.plus timed out. (connect timeout=35)'))
2025-06-12 20:08:55,952 - ERROR - API请求失败：HTTPSConnectionPool(host='xiaoai.plus', port=443): Max retries exceeded with url: /v1/chat/completions (Caused by ConnectTimeoutError(<urllib3.connection.HTTPSConnection object at 0x000002C9F98FE5D0>, 'Connection to xiaoai.plus timed out. (connect timeout=35)'))
2025-06-12 20:08:57,816 - ERROR - API请求失败：HTTPSConnectionPool(host='xiaoai.plus', port=443): Max retries exceeded with url: /v1/chat/completions (Caused by ConnectTimeoutError(<urllib3.connection.HTTPSConnection object at 0x000002C9F98FFE60>, 'Connection to xiaoai.plus timed out. (connect timeout=35)'))
2025-06-12 20:08:59,043 - ERROR - API请求失败：HTTPSConnectionPool(host='xiaoai.plus', port=443): Max retries exceeded with url: /v1/chat/completions (Caused by ConnectTimeoutError(<urllib3.connection.HTTPSConnection object at 0x000002C9F9BFBBC0>, 'Connection to xiaoai.plus timed out. (connect timeout=35)'))
2025-06-12 20:09:01,067 - ERROR - API请求失败：HTTPSConnectionPool(host='xiaoai.plus', port=443): Max retries exceeded with url: /v1/chat/completions (Caused by ConnectTimeoutError(<urllib3.connection.HTTPSConnection object at 0x000002C9F9907440>, 'Connection to xiaoai.plus timed out. (connect timeout=35)'))
2025-06-12 20:09:03,342 - ERROR - API请求失败：HTTPSConnectionPool(host='xiaoai.plus', port=443): Max retries exceeded with url: /v1/chat/completions (Caused by ConnectTimeoutError(<urllib3.connection.HTTPSConnection object at 0x000002C9F99151F0>, 'Connection to xiaoai.plus timed out. (connect timeout=35)'))
2025-06-12 20:09:54,422 - ERROR - API请求失败：HTTPSConnectionPool(host='xiaoai.plus', port=443): Max retries exceeded with url: /v1/chat/completions (Caused by ConnectTimeoutError(<urllib3.connection.HTTPSConnection object at 0x0000019637567D70>, 'Connection to xiaoai.plus timed out. (connect timeout=35)'))
2025-06-12 20:09:57,727 - ERROR - API请求失败：HTTPSConnectionPool(host='xiaoai.plus', port=443): Max retries exceeded with url: /v1/chat/completions (Caused by ConnectTimeoutError(<urllib3.connection.HTTPSConnection object at 0x00000196374F6120>, 'Connection to xiaoai.plus timed out. (connect timeout=35)'))
2025-06-12 20:10:01,677 - ERROR - API请求失败：HTTPSConnectionPool(host='xiaoai.plus', port=443): Max retries exceeded with url: /v1/chat/completions (Caused by ConnectTimeoutError(<urllib3.connection.HTTPSConnection object at 0x00000196375B9F10>, 'Connection to xiaoai.plus timed out. (connect timeout=35)'))
2025-06-12 20:10:09,488 - ERROR - API请求失败：HTTPSConnectionPool(host='xiaoai.plus', port=443): Max retries exceeded with url: /v1/chat/completions (Caused by ConnectTimeoutError(<urllib3.connection.HTTPSConnection object at 0x00000196374F5880>, 'Connection to xiaoai.plus timed out. (connect timeout=35)'))
