2025-05-18 21:46:41,253 - INFO - Processing image: C:\Users\Administrator\Desktop\bat\10No.1\处理后图片\JBY00002.jpg
2025-05-18 21:46:51,302 - ERROR - API请求超时
2025-05-18 21:47:48,267 - INFO - Processing image: C:\Users\Administrator\Desktop\bat\10No.1\处理后图片\JBY00003.jpg
2025-05-18 21:47:59,495 - INFO - Processing image: C:\Users\Administrator\Desktop\bat\10No.1\处理后图片\JBY00004.jpg
2025-05-18 21:48:09,713 - INFO - Processing image: C:\Users\Administrator\Desktop\bat\10No.1\处理后图片\JBY00005.jpg
2025-05-18 21:48:21,754 - INFO - Processing image: C:\Users\Administrator\Desktop\bat\10No.1\处理后图片\JBY00006.jpg
2025-05-18 21:48:32,867 - ERROR - API请求失败：('Connection aborted.', timeout('The write operation timed out'))
2025-05-18 21:48:32,869 - INFO - Processing image: C:\Users\Administrator\Desktop\bat\10No.1\处理后图片\JBY00007.jpg
2025-05-18 21:48:41,859 - INFO - Processing image: C:\Users\Administrator\Desktop\bat\10No.1\处理后图片\JBY00008.jpg
2025-05-18 21:48:52,956 - ERROR - API请求失败：('Connection aborted.', timeout('The write operation timed out'))
2025-05-18 21:49:53,203 - INFO - Processing image: C:\Users\Administrator\Desktop\bat\10No.1\处理后图片\JBY00002.jpg
2025-05-18 21:51:36,435 - INFO - Processing image: C:\Users\Administrator\Desktop\bat\10No.1\处理后图片\JBY00002.jpg
2025-05-18 21:51:54,027 - ERROR - API请求超时
2025-05-18 21:51:54,029 - INFO - Processing image: C:\Users\Administrator\Desktop\bat\10No.1\处理后图片\JBY00003.jpg
2025-05-18 21:52:04,742 - INFO - Processing image: C:\Users\Administrator\Desktop\bat\10No.1\处理后图片\JBY00004.jpg
2025-05-18 21:52:15,948 - INFO - Processing image: C:\Users\Administrator\Desktop\bat\10No.1\处理后图片\JBY00005.jpg
2025-05-18 21:52:34,899 - ERROR - API请求超时
2025-05-18 21:52:34,901 - INFO - Processing image: C:\Users\Administrator\Desktop\bat\10No.1\处理后图片\JBY00006.jpg
2025-05-18 21:52:52,646 - INFO - Processing image: C:\Users\Administrator\Desktop\bat\10No.1\处理后图片\JBY00007.jpg
2025-05-18 21:53:07,921 - INFO - Processing image: C:\Users\Administrator\Desktop\bat\10No.1\处理后图片\JBY00008.jpg
2025-05-18 21:54:12,428 - INFO - Processing image: C:\Users\Administrator\Desktop\bat\10No.1\处理后图片\JBY00002.jpg
2025-05-18 21:54:28,312 - INFO - Processing image: C:\Users\Administrator\Desktop\bat\10No.1\处理后图片\JBY00005.jpg
2025-05-18 22:19:34,578 - INFO - Processing image: C:\Users\Administrator\Desktop\bat\10No.1\处理后图片\JBY00010.jpg
2025-05-18 22:19:40,331 - INFO - Processing image: C:\Users\Administrator\Desktop\bat\10No.1\处理后图片\JBY00011.jpg
2025-05-18 22:19:46,509 - INFO - Processing image: C:\Users\Administrator\Desktop\bat\10No.1\处理后图片\JBY00012.jpg
2025-05-18 22:19:52,331 - INFO - Processing image: C:\Users\Administrator\Desktop\bat\10No.1\处理后图片\JBY00013.jpg
2025-05-18 22:19:59,265 - INFO - Processing image: C:\Users\Administrator\Desktop\bat\10No.1\处理后图片\JBY00014.jpg
2025-05-18 22:20:05,195 - INFO - Processing image: C:\Users\Administrator\Desktop\bat\10No.1\处理后图片\JBY00015.jpg
2025-05-18 22:20:11,243 - INFO - Processing image: C:\Users\Administrator\Desktop\bat\10No.1\处理后图片\JBY00016.jpg
2025-05-18 22:20:17,437 - INFO - Processing image: C:\Users\Administrator\Desktop\bat\10No.1\处理后图片\JBY00017.jpg
2025-05-18 22:20:23,187 - INFO - Processing image: C:\Users\Administrator\Desktop\bat\10No.1\处理后图片\JBY00018.jpg
2025-05-18 22:20:29,774 - INFO - Processing image: C:\Users\Administrator\Desktop\bat\10No.1\处理后图片\JBY00019.jpg
2025-05-18 22:20:37,389 - INFO - Processing image: C:\Users\Administrator\Desktop\bat\10No.1\处理后图片\JBY00020.jpg
2025-05-18 22:20:42,832 - INFO - Processing image: C:\Users\Administrator\Desktop\bat\10No.1\处理后图片\JBY00021.jpg
2025-05-18 22:20:49,196 - INFO - Processing image: C:\Users\Administrator\Desktop\bat\10No.1\处理后图片\JBY00022.jpg
2025-05-18 22:20:55,836 - INFO - Processing image: C:\Users\Administrator\Desktop\bat\10No.1\处理后图片\JBY00023.jpg
2025-05-18 22:21:01,742 - INFO - Processing image: C:\Users\Administrator\Desktop\bat\10No.1\处理后图片\JBY00024.jpg
2025-05-18 22:21:07,761 - INFO - Processing image: C:\Users\Administrator\Desktop\bat\10No.1\处理后图片\JBY00025.jpg
2025-05-18 22:21:13,880 - INFO - Processing image: C:\Users\Administrator\Desktop\bat\10No.1\处理后图片\JBY00026.jpg
2025-05-18 22:21:19,966 - INFO - Processing image: C:\Users\Administrator\Desktop\bat\10No.1\处理后图片\JBY00027.jpg
2025-05-18 22:21:26,187 - INFO - Processing image: C:\Users\Administrator\Desktop\bat\10No.1\处理后图片\JBY00028.jpg
2025-05-18 22:21:32,031 - INFO - Processing image: C:\Users\Administrator\Desktop\bat\10No.1\处理后图片\JBY00029.jpg
2025-05-18 22:21:39,031 - INFO - Processing image: C:\Users\Administrator\Desktop\bat\10No.1\处理后图片\JBY00030.jpg
2025-05-18 22:21:45,237 - INFO - Processing image: C:\Users\Administrator\Desktop\bat\10No.1\处理后图片\JBY00031.jpg
2025-05-18 22:21:51,420 - INFO - Processing image: C:\Users\Administrator\Desktop\bat\10No.1\处理后图片\JBY00032.jpg
2025-05-18 22:21:58,390 - INFO - Processing image: C:\Users\Administrator\Desktop\bat\10No.1\处理后图片\JBY00033.jpg
2025-05-18 22:29:49,602 - INFO - Processing image: C:\Users\Administrator\Desktop\bat\10No.1\处理后图片\JBY00010.jpg
2025-05-18 22:29:55,501 - INFO - Processing image: C:\Users\Administrator\Desktop\bat\10No.1\处理后图片\JBY00011.jpg
2025-05-18 22:30:01,024 - INFO - Processing image: C:\Users\Administrator\Desktop\bat\10No.1\处理后图片\JBY00012.jpg
2025-05-18 22:30:08,015 - INFO - Processing image: C:\Users\Administrator\Desktop\bat\10No.1\处理后图片\JBY00013.jpg
2025-05-18 22:30:13,822 - INFO - Processing image: C:\Users\Administrator\Desktop\bat\10No.1\处理后图片\JBY00014.jpg
2025-05-18 22:30:19,885 - INFO - Processing image: C:\Users\Administrator\Desktop\bat\10No.1\处理后图片\JBY00015.jpg
2025-05-18 22:30:26,003 - INFO - Processing image: C:\Users\Administrator\Desktop\bat\10No.1\处理后图片\JBY00016.jpg
2025-05-18 22:30:32,702 - INFO - Processing image: C:\Users\Administrator\Desktop\bat\10No.1\处理后图片\JBY00017.jpg
2025-05-18 22:30:39,728 - INFO - Processing image: C:\Users\Administrator\Desktop\bat\10No.1\处理后图片\JBY00018.jpg
2025-05-18 22:30:48,683 - INFO - Processing image: C:\Users\Administrator\Desktop\bat\10No.1\处理后图片\JBY00019.jpg
2025-05-18 22:30:54,795 - INFO - Processing image: C:\Users\Administrator\Desktop\bat\10No.1\处理后图片\JBY00020.jpg
2025-05-18 22:31:00,262 - INFO - Processing image: C:\Users\Administrator\Desktop\bat\10No.1\处理后图片\JBY00021.jpg
2025-05-18 22:31:06,237 - INFO - Processing image: C:\Users\Administrator\Desktop\bat\10No.1\处理后图片\JBY00022.jpg
2025-05-18 22:31:12,245 - INFO - Processing image: C:\Users\Administrator\Desktop\bat\10No.1\处理后图片\JBY00023.jpg
2025-05-18 22:31:18,386 - INFO - Processing image: C:\Users\Administrator\Desktop\bat\10No.1\处理后图片\JBY00024.jpg
2025-05-18 22:31:26,094 - INFO - Processing image: C:\Users\Administrator\Desktop\bat\10No.1\处理后图片\JBY00025.jpg
2025-05-18 22:31:33,722 - INFO - Processing image: C:\Users\Administrator\Desktop\bat\10No.1\处理后图片\JBY00026.jpg
2025-05-18 22:31:39,897 - INFO - Processing image: C:\Users\Administrator\Desktop\bat\10No.1\处理后图片\JBY00027.jpg
2025-05-18 22:31:46,077 - INFO - Processing image: C:\Users\Administrator\Desktop\bat\10No.1\处理后图片\JBY00028.jpg
2025-05-18 22:31:52,198 - INFO - Processing image: C:\Users\Administrator\Desktop\bat\10No.1\处理后图片\JBY00029.jpg
2025-05-18 22:31:58,600 - INFO - Processing image: C:\Users\Administrator\Desktop\bat\10No.1\处理后图片\JBY00030.jpg
2025-05-18 22:32:04,847 - INFO - Processing image: C:\Users\Administrator\Desktop\bat\10No.1\处理后图片\JBY00031.jpg
2025-05-18 22:32:11,828 - INFO - Processing image: C:\Users\Administrator\Desktop\bat\10No.1\处理后图片\JBY00032.jpg
2025-05-18 22:32:19,506 - INFO - Processing image: C:\Users\Administrator\Desktop\bat\10No.1\处理后图片\JBY00033.jpg
2025-05-18 22:32:25,710 - INFO - Processing image: C:\Users\Administrator\Desktop\bat\10No.1\处理后图片\JBY00034.jpg
2025-05-18 22:32:32,719 - INFO - Processing image: C:\Users\Administrator\Desktop\bat\10No.1\处理后图片\JBY00035.jpg
2025-05-18 22:32:38,748 - INFO - Processing image: C:\Users\Administrator\Desktop\bat\10No.1\处理后图片\JBY00036.jpg
2025-05-18 22:32:48,031 - INFO - Processing image: C:\Users\Administrator\Desktop\bat\10No.1\处理后图片\JBY00037.jpg
2025-05-18 22:32:54,442 - INFO - Processing image: C:\Users\Administrator\Desktop\bat\10No.1\处理后图片\JBY00038.jpg
2025-05-18 22:33:03,102 - INFO - Processing image: C:\Users\Administrator\Desktop\bat\10No.1\处理后图片\JBY00039.jpg
2025-05-18 22:33:09,104 - INFO - Processing image: C:\Users\Administrator\Desktop\bat\10No.1\处理后图片\JBY00040.jpg
2025-05-18 22:33:15,404 - INFO - Processing image: C:\Users\Administrator\Desktop\bat\10No.1\处理后图片\JBY00041.jpg
2025-05-18 22:33:21,658 - INFO - Processing image: C:\Users\Administrator\Desktop\bat\10No.1\处理后图片\JBY00042.jpg
2025-05-18 22:33:27,972 - INFO - Processing image: C:\Users\Administrator\Desktop\bat\10No.1\处理后图片\JBY00043.jpg
2025-05-18 22:33:34,010 - INFO - Processing image: C:\Users\Administrator\Desktop\bat\10No.1\处理后图片\JBY00044.jpg
2025-05-18 22:33:40,474 - INFO - Processing image: C:\Users\Administrator\Desktop\bat\10No.1\处理后图片\JBY00045.jpg
2025-05-18 22:33:48,147 - INFO - Processing image: C:\Users\Administrator\Desktop\bat\10No.1\处理后图片\JBY00046.jpg
2025-05-18 22:33:54,734 - INFO - Processing image: C:\Users\Administrator\Desktop\bat\10No.1\处理后图片\JBY00047.jpg
2025-05-18 22:34:00,393 - INFO - Processing image: C:\Users\Administrator\Desktop\bat\10No.1\处理后图片\JBY00048.jpg
2025-05-18 22:34:06,885 - INFO - Processing image: C:\Users\Administrator\Desktop\bat\10No.1\处理后图片\JBY00049.jpg
2025-05-18 22:34:15,004 - INFO - Processing image: C:\Users\Administrator\Desktop\bat\10No.1\处理后图片\JBY00050.jpg
2025-05-18 22:34:22,189 - INFO - Processing image: C:\Users\Administrator\Desktop\bat\10No.1\处理后图片\JBY00051.jpg
2025-05-18 22:34:28,198 - INFO - Processing image: C:\Users\Administrator\Desktop\bat\10No.1\处理后图片\JBY00052.jpg
2025-05-18 22:34:34,249 - INFO - Processing image: C:\Users\Administrator\Desktop\bat\10No.1\处理后图片\JBY00053.jpg
2025-05-18 22:48:15,159 - CRITICAL - 主流程错误：[Errno 2] No such file or directory: 'C:\\Users\\Administrator\\Desktop\\bat\\10No.1\\上架表模板MX_已处理.xlsx'
2025-05-18 22:53:22,031 - INFO - Processing image: C:\Users\Administrator\Desktop\bat\10No.1\处理后图片\JBY00020.jpg
2025-05-18 22:58:19,050 - INFO - Processing image: C:\Users\Administrator\Desktop\bat\10No.1\处理后图片\JBY00020.jpg
2025-05-18 22:58:29,059 - ERROR - API请求超时
2025-05-18 22:58:29,060 - INFO - Processing image: C:\Users\Administrator\Desktop\bat\10No.1\处理后图片\JBY00021.jpg
2025-05-18 22:58:39,065 - ERROR - API请求超时
2025-05-18 22:58:39,065 - INFO - Processing image: C:\Users\Administrator\Desktop\bat\10No.1\处理后图片\JBY00022.jpg
2025-05-18 23:01:03,141 - INFO - Processing image: C:\Users\Administrator\Desktop\bat\10No.1\处理后图片\JBY00020.jpg
2025-05-18 23:01:03,155 - ERROR - API请求失败：HTTPSConnectionPool(host='xiaoai.plus', port=443): Max retries exceeded with url: /v1/chat/completions (Caused by ProxyError('Unable to connect to proxy', FileNotFoundError(2, 'No such file or directory')))
2025-05-18 23:01:03,156 - INFO - Processing image: C:\Users\Administrator\Desktop\bat\10No.1\处理后图片\JBY00021.jpg
2025-05-18 23:01:03,166 - ERROR - API请求失败：HTTPSConnectionPool(host='xiaoai.plus', port=443): Max retries exceeded with url: /v1/chat/completions (Caused by ProxyError('Unable to connect to proxy', FileNotFoundError(2, 'No such file or directory')))
2025-05-18 23:01:03,166 - INFO - Processing image: C:\Users\Administrator\Desktop\bat\10No.1\处理后图片\JBY00022.jpg
2025-05-18 23:01:03,193 - ERROR - API请求失败：HTTPSConnectionPool(host='xiaoai.plus', port=443): Max retries exceeded with url: /v1/chat/completions (Caused by ProxyError('Unable to connect to proxy', FileNotFoundError(2, 'No such file or directory')))
2025-05-18 23:01:03,194 - INFO - Processing image: C:\Users\Administrator\Desktop\bat\10No.1\处理后图片\JBY00023.jpg
2025-05-18 23:01:03,204 - ERROR - API请求失败：HTTPSConnectionPool(host='xiaoai.plus', port=443): Max retries exceeded with url: /v1/chat/completions (Caused by ProxyError('Unable to connect to proxy', FileNotFoundError(2, 'No such file or directory')))
2025-05-18 23:01:03,205 - INFO - Processing image: C:\Users\Administrator\Desktop\bat\10No.1\处理后图片\JBY00024.jpg
2025-05-18 23:01:03,216 - ERROR - API请求失败：HTTPSConnectionPool(host='xiaoai.plus', port=443): Max retries exceeded with url: /v1/chat/completions (Caused by ProxyError('Unable to connect to proxy', FileNotFoundError(2, 'No such file or directory')))
2025-05-18 23:01:03,220 - INFO - Processing image: C:\Users\Administrator\Desktop\bat\10No.1\处理后图片\JBY00025.jpg
2025-05-18 23:01:03,233 - ERROR - API请求失败：HTTPSConnectionPool(host='xiaoai.plus', port=443): Max retries exceeded with url: /v1/chat/completions (Caused by ProxyError('Unable to connect to proxy', FileNotFoundError(2, 'No such file or directory')))
2025-05-18 23:01:03,235 - INFO - Processing image: C:\Users\Administrator\Desktop\bat\10No.1\处理后图片\JBY00026.jpg
2025-05-18 23:01:03,245 - ERROR - API请求失败：HTTPSConnectionPool(host='xiaoai.plus', port=443): Max retries exceeded with url: /v1/chat/completions (Caused by ProxyError('Unable to connect to proxy', FileNotFoundError(2, 'No such file or directory')))
2025-05-18 23:01:03,246 - INFO - Processing image: C:\Users\Administrator\Desktop\bat\10No.1\处理后图片\JBY00027.jpg
2025-05-18 23:01:03,272 - ERROR - API请求失败：HTTPSConnectionPool(host='xiaoai.plus', port=443): Max retries exceeded with url: /v1/chat/completions (Caused by ProxyError('Unable to connect to proxy', FileNotFoundError(2, 'No such file or directory')))
2025-05-18 23:01:03,276 - INFO - Processing image: C:\Users\Administrator\Desktop\bat\10No.1\处理后图片\JBY00028.jpg
2025-05-18 23:01:03,287 - ERROR - API请求失败：HTTPSConnectionPool(host='xiaoai.plus', port=443): Max retries exceeded with url: /v1/chat/completions (Caused by ProxyError('Unable to connect to proxy', FileNotFoundError(2, 'No such file or directory')))
2025-05-18 23:01:03,290 - INFO - Processing image: C:\Users\Administrator\Desktop\bat\10No.1\处理后图片\JBY00029.jpg
2025-05-18 23:01:03,301 - ERROR - API请求失败：HTTPSConnectionPool(host='xiaoai.plus', port=443): Max retries exceeded with url: /v1/chat/completions (Caused by ProxyError('Unable to connect to proxy', FileNotFoundError(2, 'No such file or directory')))
2025-05-18 23:01:03,302 - INFO - Processing image: C:\Users\Administrator\Desktop\bat\10No.1\处理后图片\JBY00030.jpg
2025-05-18 23:01:03,316 - ERROR - API请求失败：HTTPSConnectionPool(host='xiaoai.plus', port=443): Max retries exceeded with url: /v1/chat/completions (Caused by ProxyError('Unable to connect to proxy', FileNotFoundError(2, 'No such file or directory')))
2025-05-18 23:01:03,318 - INFO - Processing image: C:\Users\Administrator\Desktop\bat\10No.1\处理后图片\JBY00031.jpg
2025-05-18 23:01:03,329 - ERROR - API请求失败：HTTPSConnectionPool(host='xiaoai.plus', port=443): Max retries exceeded with url: /v1/chat/completions (Caused by ProxyError('Unable to connect to proxy', FileNotFoundError(2, 'No such file or directory')))
2025-05-18 23:01:03,332 - INFO - Processing image: C:\Users\Administrator\Desktop\bat\10No.1\处理后图片\JBY00032.jpg
2025-05-18 23:01:03,364 - ERROR - API请求失败：HTTPSConnectionPool(host='xiaoai.plus', port=443): Max retries exceeded with url: /v1/chat/completions (Caused by ProxyError('Unable to connect to proxy', FileNotFoundError(2, 'No such file or directory')))
2025-05-18 23:01:03,366 - INFO - Processing image: C:\Users\Administrator\Desktop\bat\10No.1\处理后图片\JBY00033.jpg
2025-05-18 23:01:03,395 - ERROR - API请求失败：HTTPSConnectionPool(host='xiaoai.plus', port=443): Max retries exceeded with url: /v1/chat/completions (Caused by ProxyError('Unable to connect to proxy', FileNotFoundError(2, 'No such file or directory')))
2025-05-18 23:01:03,396 - INFO - Processing image: C:\Users\Administrator\Desktop\bat\10No.1\处理后图片\JBY00034.jpg
2025-05-18 23:01:03,407 - ERROR - API请求失败：HTTPSConnectionPool(host='xiaoai.plus', port=443): Max retries exceeded with url: /v1/chat/completions (Caused by ProxyError('Unable to connect to proxy', FileNotFoundError(2, 'No such file or directory')))
2025-05-18 23:01:03,407 - INFO - Processing image: C:\Users\Administrator\Desktop\bat\10No.1\处理后图片\JBY00035.jpg
2025-05-18 23:01:03,442 - ERROR - API请求失败：HTTPSConnectionPool(host='xiaoai.plus', port=443): Max retries exceeded with url: /v1/chat/completions (Caused by ProxyError('Unable to connect to proxy', FileNotFoundError(2, 'No such file or directory')))
2025-05-18 23:01:03,443 - INFO - Processing image: C:\Users\Administrator\Desktop\bat\10No.1\处理后图片\JBY00036.jpg
2025-05-18 23:01:03,454 - ERROR - API请求失败：HTTPSConnectionPool(host='xiaoai.plus', port=443): Max retries exceeded with url: /v1/chat/completions (Caused by ProxyError('Unable to connect to proxy', FileNotFoundError(2, 'No such file or directory')))
2025-05-18 23:01:03,455 - INFO - Processing image: C:\Users\Administrator\Desktop\bat\10No.1\处理后图片\JBY00037.jpg
2025-05-18 23:01:03,466 - ERROR - API请求失败：HTTPSConnectionPool(host='xiaoai.plus', port=443): Max retries exceeded with url: /v1/chat/completions (Caused by ProxyError('Unable to connect to proxy', FileNotFoundError(2, 'No such file or directory')))
2025-05-18 23:01:03,467 - INFO - Processing image: C:\Users\Administrator\Desktop\bat\10No.1\处理后图片\JBY00038.jpg
2025-05-18 23:01:03,502 - ERROR - API请求失败：HTTPSConnectionPool(host='xiaoai.plus', port=443): Max retries exceeded with url: /v1/chat/completions (Caused by ProxyError('Unable to connect to proxy', FileNotFoundError(2, 'No such file or directory')))
2025-05-18 23:01:03,507 - INFO - Processing image: C:\Users\Administrator\Desktop\bat\10No.1\处理后图片\JBY00039.jpg
2025-05-18 23:01:03,532 - ERROR - API请求失败：HTTPSConnectionPool(host='xiaoai.plus', port=443): Max retries exceeded with url: /v1/chat/completions (Caused by ProxyError('Unable to connect to proxy', FileNotFoundError(2, 'No such file or directory')))
2025-05-18 23:01:03,536 - INFO - Processing image: C:\Users\Administrator\Desktop\bat\10No.1\处理后图片\JBY00040.jpg
2025-05-18 23:01:03,549 - ERROR - API请求失败：HTTPSConnectionPool(host='xiaoai.plus', port=443): Max retries exceeded with url: /v1/chat/completions (Caused by ProxyError('Unable to connect to proxy', FileNotFoundError(2, 'No such file or directory')))
2025-05-18 23:01:03,551 - INFO - Processing image: C:\Users\Administrator\Desktop\bat\10No.1\处理后图片\JBY00041.jpg
2025-05-18 23:01:03,563 - ERROR - API请求失败：HTTPSConnectionPool(host='xiaoai.plus', port=443): Max retries exceeded with url: /v1/chat/completions (Caused by ProxyError('Unable to connect to proxy', FileNotFoundError(2, 'No such file or directory')))
2025-05-18 23:01:03,568 - INFO - Processing image: C:\Users\Administrator\Desktop\bat\10No.1\处理后图片\JBY00042.jpg
2025-05-18 23:01:03,593 - ERROR - API请求失败：HTTPSConnectionPool(host='xiaoai.plus', port=443): Max retries exceeded with url: /v1/chat/completions (Caused by ProxyError('Unable to connect to proxy', FileNotFoundError(2, 'No such file or directory')))
2025-05-18 23:01:03,598 - INFO - Processing image: C:\Users\Administrator\Desktop\bat\10No.1\处理后图片\JBY00043.jpg
2025-05-18 23:01:03,625 - ERROR - API请求失败：HTTPSConnectionPool(host='xiaoai.plus', port=443): Max retries exceeded with url: /v1/chat/completions (Caused by ProxyError('Unable to connect to proxy', FileNotFoundError(2, 'No such file or directory')))
2025-05-18 23:01:03,627 - INFO - Processing image: C:\Users\Administrator\Desktop\bat\10No.1\处理后图片\JBY00044.jpg
2025-05-18 23:01:03,638 - ERROR - API请求失败：HTTPSConnectionPool(host='xiaoai.plus', port=443): Max retries exceeded with url: /v1/chat/completions (Caused by ProxyError('Unable to connect to proxy', FileNotFoundError(2, 'No such file or directory')))
2025-05-18 23:01:03,639 - INFO - Processing image: C:\Users\Administrator\Desktop\bat\10No.1\处理后图片\JBY00045.jpg
2025-05-18 23:01:03,673 - ERROR - API请求失败：HTTPSConnectionPool(host='xiaoai.plus', port=443): Max retries exceeded with url: /v1/chat/completions (Caused by ProxyError('Unable to connect to proxy', FileNotFoundError(2, 'No such file or directory')))
2025-05-18 23:01:03,675 - INFO - Processing image: C:\Users\Administrator\Desktop\bat\10No.1\处理后图片\JBY00046.jpg
2025-05-18 23:01:03,686 - ERROR - API请求失败：HTTPSConnectionPool(host='xiaoai.plus', port=443): Max retries exceeded with url: /v1/chat/completions (Caused by ProxyError('Unable to connect to proxy', FileNotFoundError(2, 'No such file or directory')))
2025-05-18 23:01:03,687 - INFO - Processing image: C:\Users\Administrator\Desktop\bat\10No.1\处理后图片\JBY00047.jpg
2025-05-18 23:01:03,698 - ERROR - API请求失败：HTTPSConnectionPool(host='xiaoai.plus', port=443): Max retries exceeded with url: /v1/chat/completions (Caused by ProxyError('Unable to connect to proxy', FileNotFoundError(2, 'No such file or directory')))
2025-05-18 23:01:03,699 - INFO - Processing image: C:\Users\Administrator\Desktop\bat\10No.1\处理后图片\JBY00048.jpg
2025-05-18 23:01:03,732 - ERROR - API请求失败：HTTPSConnectionPool(host='xiaoai.plus', port=443): Max retries exceeded with url: /v1/chat/completions (Caused by ProxyError('Unable to connect to proxy', FileNotFoundError(2, 'No such file or directory')))
2025-05-18 23:01:03,733 - INFO - Processing image: C:\Users\Administrator\Desktop\bat\10No.1\处理后图片\JBY00049.jpg
2025-05-18 23:01:03,746 - ERROR - API请求失败：HTTPSConnectionPool(host='xiaoai.plus', port=443): Max retries exceeded with url: /v1/chat/completions (Caused by ProxyError('Unable to connect to proxy', FileNotFoundError(2, 'No such file or directory')))
2025-05-18 23:01:03,747 - INFO - Processing image: C:\Users\Administrator\Desktop\bat\10No.1\处理后图片\JBY00050.jpg
2025-05-18 23:01:03,760 - ERROR - API请求失败：HTTPSConnectionPool(host='xiaoai.plus', port=443): Max retries exceeded with url: /v1/chat/completions (Caused by ProxyError('Unable to connect to proxy', FileNotFoundError(2, 'No such file or directory')))
2025-05-18 23:01:03,760 - INFO - Processing image: C:\Users\Administrator\Desktop\bat\10No.1\处理后图片\JBY00051.jpg
2025-05-18 23:01:03,792 - ERROR - API请求失败：HTTPSConnectionPool(host='xiaoai.plus', port=443): Max retries exceeded with url: /v1/chat/completions (Caused by ProxyError('Unable to connect to proxy', FileNotFoundError(2, 'No such file or directory')))
2025-05-18 23:01:03,801 - INFO - Processing image: C:\Users\Administrator\Desktop\bat\10No.1\处理后图片\JBY00052.jpg
2025-05-18 23:01:03,824 - ERROR - API请求失败：HTTPSConnectionPool(host='xiaoai.plus', port=443): Max retries exceeded with url: /v1/chat/completions (Caused by ProxyError('Unable to connect to proxy', FileNotFoundError(2, 'No such file or directory')))
2025-05-18 23:01:03,828 - INFO - Processing image: C:\Users\Administrator\Desktop\bat\10No.1\处理后图片\JBY00053.jpg
2025-05-18 23:01:03,839 - ERROR - API请求失败：HTTPSConnectionPool(host='xiaoai.plus', port=443): Max retries exceeded with url: /v1/chat/completions (Caused by ProxyError('Unable to connect to proxy', FileNotFoundError(2, 'No such file or directory')))
2025-05-18 23:01:03,841 - INFO - Processing image: C:\Users\Administrator\Desktop\bat\10No.1\处理后图片\JBY00054.jpg
2025-05-18 23:01:03,852 - ERROR - API请求失败：HTTPSConnectionPool(host='xiaoai.plus', port=443): Max retries exceeded with url: /v1/chat/completions (Caused by ProxyError('Unable to connect to proxy', FileNotFoundError(2, 'No such file or directory')))
2025-05-18 23:01:03,853 - INFO - Processing image: C:\Users\Administrator\Desktop\bat\10No.1\处理后图片\JBY00055.jpg
2025-05-18 23:01:03,866 - ERROR - API请求失败：HTTPSConnectionPool(host='xiaoai.plus', port=443): Max retries exceeded with url: /v1/chat/completions (Caused by ProxyError('Unable to connect to proxy', FileNotFoundError(2, 'No such file or directory')))
2025-05-18 23:01:03,867 - INFO - Processing image: C:\Users\Administrator\Desktop\bat\10No.1\处理后图片\JBY00056.jpg
2025-05-18 23:01:03,878 - ERROR - API请求失败：HTTPSConnectionPool(host='xiaoai.plus', port=443): Max retries exceeded with url: /v1/chat/completions (Caused by ProxyError('Unable to connect to proxy', FileNotFoundError(2, 'No such file or directory')))
2025-05-18 23:01:03,880 - INFO - Processing image: C:\Users\Administrator\Desktop\bat\10No.1\处理后图片\JBY00057.jpg
2025-05-18 23:01:03,892 - ERROR - API请求失败：HTTPSConnectionPool(host='xiaoai.plus', port=443): Max retries exceeded with url: /v1/chat/completions (Caused by ProxyError('Unable to connect to proxy', FileNotFoundError(2, 'No such file or directory')))
2025-05-18 23:01:03,895 - INFO - Processing image: C:\Users\Administrator\Desktop\bat\10No.1\处理后图片\JBY00058.jpg
2025-05-18 23:01:03,906 - ERROR - API请求失败：HTTPSConnectionPool(host='xiaoai.plus', port=443): Max retries exceeded with url: /v1/chat/completions (Caused by ProxyError('Unable to connect to proxy', FileNotFoundError(2, 'No such file or directory')))
2025-05-18 23:01:03,906 - INFO - Processing image: C:\Users\Administrator\Desktop\bat\10No.1\处理后图片\JBY00059.jpg
2025-05-18 23:01:03,922 - ERROR - API请求失败：HTTPSConnectionPool(host='xiaoai.plus', port=443): Max retries exceeded with url: /v1/chat/completions (Caused by ProxyError('Unable to connect to proxy', FileNotFoundError(2, 'No such file or directory')))
2025-05-18 23:01:03,925 - INFO - Processing image: C:\Users\Administrator\Desktop\bat\10No.1\处理后图片\JBY00060.jpg
2025-05-18 23:01:03,937 - ERROR - API请求失败：HTTPSConnectionPool(host='xiaoai.plus', port=443): Max retries exceeded with url: /v1/chat/completions (Caused by ProxyError('Unable to connect to proxy', FileNotFoundError(2, 'No such file or directory')))
2025-05-18 23:01:03,938 - INFO - Processing image: C:\Users\Administrator\Desktop\bat\10No.1\处理后图片\JBY00061.jpg
2025-05-18 23:01:03,951 - ERROR - API请求失败：HTTPSConnectionPool(host='xiaoai.plus', port=443): Max retries exceeded with url: /v1/chat/completions (Caused by ProxyError('Unable to connect to proxy', FileNotFoundError(2, 'No such file or directory')))
2025-05-18 23:01:03,952 - INFO - Processing image: C:\Users\Administrator\Desktop\bat\10No.1\处理后图片\JBY00062.jpg
2025-05-18 23:01:03,978 - ERROR - API请求失败：HTTPSConnectionPool(host='xiaoai.plus', port=443): Max retries exceeded with url: /v1/chat/completions (Caused by ProxyError('Unable to connect to proxy', FileNotFoundError(2, 'No such file or directory')))
2025-05-18 23:01:03,979 - INFO - Processing image: C:\Users\Administrator\Desktop\bat\10No.1\处理后图片\JBY00063.jpg
2025-05-18 23:01:04,009 - ERROR - API请求失败：HTTPSConnectionPool(host='xiaoai.plus', port=443): Max retries exceeded with url: /v1/chat/completions (Caused by ProxyError('Unable to connect to proxy', FileNotFoundError(2, 'No such file or directory')))
2025-05-18 23:01:04,010 - INFO - Processing image: C:\Users\Administrator\Desktop\bat\10No.1\处理后图片\JBY00064.jpg
2025-05-18 23:01:04,024 - ERROR - API请求失败：HTTPSConnectionPool(host='xiaoai.plus', port=443): Max retries exceeded with url: /v1/chat/completions (Caused by ProxyError('Unable to connect to proxy', FileNotFoundError(2, 'No such file or directory')))
2025-05-18 23:01:04,026 - INFO - Processing image: C:\Users\Administrator\Desktop\bat\10No.1\处理后图片\JBY00065.jpg
2025-05-18 23:01:04,041 - ERROR - API请求失败：HTTPSConnectionPool(host='xiaoai.plus', port=443): Max retries exceeded with url: /v1/chat/completions (Caused by ProxyError('Unable to connect to proxy', FileNotFoundError(2, 'No such file or directory')))
2025-05-18 23:01:04,042 - INFO - Processing image: C:\Users\Administrator\Desktop\bat\10No.1\处理后图片\JBY00066.jpg
2025-05-18 23:01:04,053 - ERROR - API请求失败：HTTPSConnectionPool(host='xiaoai.plus', port=443): Max retries exceeded with url: /v1/chat/completions (Caused by ProxyError('Unable to connect to proxy', FileNotFoundError(2, 'No such file or directory')))
2025-05-18 23:01:04,054 - INFO - Processing image: C:\Users\Administrator\Desktop\bat\10No.1\处理后图片\JBY00067.jpg
2025-05-18 23:01:04,065 - ERROR - API请求失败：HTTPSConnectionPool(host='xiaoai.plus', port=443): Max retries exceeded with url: /v1/chat/completions (Caused by ProxyError('Unable to connect to proxy', FileNotFoundError(2, 'No such file or directory')))
2025-05-18 23:01:04,067 - INFO - Processing image: C:\Users\Administrator\Desktop\bat\10No.1\处理后图片\JBY00068.jpg
2025-05-18 23:01:04,077 - ERROR - API请求失败：HTTPSConnectionPool(host='xiaoai.plus', port=443): Max retries exceeded with url: /v1/chat/completions (Caused by ProxyError('Unable to connect to proxy', FileNotFoundError(2, 'No such file or directory')))
2025-05-18 23:01:04,079 - INFO - Processing image: C:\Users\Administrator\Desktop\bat\10No.1\处理后图片\JBY00069.jpg
2025-05-18 23:01:04,100 - ERROR - API请求失败：HTTPSConnectionPool(host='xiaoai.plus', port=443): Max retries exceeded with url: /v1/chat/completions (Caused by ProxyError('Unable to connect to proxy', FileNotFoundError(2, 'No such file or directory')))
2025-05-18 23:01:04,101 - INFO - Processing image: C:\Users\Administrator\Desktop\bat\10No.1\处理后图片\JBY00070.jpg
2025-05-18 23:01:04,114 - ERROR - API请求失败：HTTPSConnectionPool(host='xiaoai.plus', port=443): Max retries exceeded with url: /v1/chat/completions (Caused by ProxyError('Unable to connect to proxy', FileNotFoundError(2, 'No such file or directory')))
2025-05-18 23:01:04,115 - INFO - Processing image: C:\Users\Administrator\Desktop\bat\10No.1\处理后图片\JBY00071.jpg
2025-05-18 23:01:04,126 - ERROR - API请求失败：HTTPSConnectionPool(host='xiaoai.plus', port=443): Max retries exceeded with url: /v1/chat/completions (Caused by ProxyError('Unable to connect to proxy', FileNotFoundError(2, 'No such file or directory')))
2025-05-18 23:01:04,127 - INFO - Processing image: C:\Users\Administrator\Desktop\bat\10No.1\处理后图片\JBY00072.jpg
2025-05-18 23:01:04,137 - ERROR - API请求失败：HTTPSConnectionPool(host='xiaoai.plus', port=443): Max retries exceeded with url: /v1/chat/completions (Caused by ProxyError('Unable to connect to proxy', FileNotFoundError(2, 'No such file or directory')))
2025-05-18 23:01:04,140 - INFO - Processing image: C:\Users\Administrator\Desktop\bat\10No.1\处理后图片\JBY00073.jpg
2025-05-18 23:01:04,162 - ERROR - API请求失败：HTTPSConnectionPool(host='xiaoai.plus', port=443): Max retries exceeded with url: /v1/chat/completions (Caused by ProxyError('Unable to connect to proxy', FileNotFoundError(2, 'No such file or directory')))
2025-05-18 23:01:04,163 - INFO - Processing image: C:\Users\Administrator\Desktop\bat\10No.1\处理后图片\JBY00074.jpg
2025-05-18 23:01:04,174 - ERROR - API请求失败：HTTPSConnectionPool(host='xiaoai.plus', port=443): Max retries exceeded with url: /v1/chat/completions (Caused by ProxyError('Unable to connect to proxy', FileNotFoundError(2, 'No such file or directory')))
2025-05-18 23:01:04,174 - INFO - Processing image: C:\Users\Administrator\Desktop\bat\10No.1\处理后图片\JBY00075.jpg
2025-05-18 23:01:04,210 - ERROR - API请求失败：HTTPSConnectionPool(host='xiaoai.plus', port=443): Max retries exceeded with url: /v1/chat/completions (Caused by ProxyError('Unable to connect to proxy', FileNotFoundError(2, 'No such file or directory')))
2025-05-18 23:01:04,212 - INFO - Processing image: C:\Users\Administrator\Desktop\bat\10No.1\处理后图片\JBY00076.jpg
2025-05-18 23:01:04,239 - ERROR - API请求失败：HTTPSConnectionPool(host='xiaoai.plus', port=443): Max retries exceeded with url: /v1/chat/completions (Caused by ProxyError('Unable to connect to proxy', FileNotFoundError(2, 'No such file or directory')))
2025-05-18 23:01:04,240 - INFO - Processing image: C:\Users\Administrator\Desktop\bat\10No.1\处理后图片\JBY00077.jpg
2025-05-18 23:01:04,270 - ERROR - API请求失败：HTTPSConnectionPool(host='xiaoai.plus', port=443): Max retries exceeded with url: /v1/chat/completions (Caused by ProxyError('Unable to connect to proxy', FileNotFoundError(2, 'No such file or directory')))
2025-05-18 23:01:04,272 - INFO - Processing image: C:\Users\Administrator\Desktop\bat\10No.1\处理后图片\JBY00078.jpg
2025-05-18 23:01:04,283 - ERROR - API请求失败：HTTPSConnectionPool(host='xiaoai.plus', port=443): Max retries exceeded with url: /v1/chat/completions (Caused by ProxyError('Unable to connect to proxy', FileNotFoundError(2, 'No such file or directory')))
2025-05-18 23:01:04,284 - INFO - Processing image: C:\Users\Administrator\Desktop\bat\10No.1\处理后图片\JBY00079.jpg
2025-05-18 23:01:04,295 - ERROR - API请求失败：HTTPSConnectionPool(host='xiaoai.plus', port=443): Max retries exceeded with url: /v1/chat/completions (Caused by ProxyError('Unable to connect to proxy', FileNotFoundError(2, 'No such file or directory')))
2025-05-18 23:01:04,297 - INFO - Processing image: C:\Users\Administrator\Desktop\bat\10No.1\处理后图片\JBY00080.jpg
2025-05-18 23:01:04,334 - ERROR - API请求失败：HTTPSConnectionPool(host='xiaoai.plus', port=443): Max retries exceeded with url: /v1/chat/completions (Caused by ProxyError('Unable to connect to proxy', FileNotFoundError(2, 'No such file or directory')))
2025-05-18 23:01:20,508 - INFO - Processing image: C:\Users\Administrator\Desktop\bat\10No.1\处理后图片\JBY00020.jpg
2025-05-18 23:01:30,522 - ERROR - API请求超时
2025-05-18 23:01:30,523 - INFO - Processing image: C:\Users\Administrator\Desktop\bat\10No.1\处理后图片\JBY00021.jpg
2025-05-18 23:41:32,524 - INFO - Processing image: C:\Users\Administrator\Desktop\bat\10No.1\处理后图片\JBY00057.jpg
2025-05-18 23:41:37,884 - INFO - Processing image: C:\Users\Administrator\Desktop\bat\10No.1\处理后图片\JBY00091.jpg
2025-06-15 17:38:20,309 - CRITICAL - 主流程错误：[Errno 2] No such file or directory: 'C:\\Users\\77462\\Desktop\\10No.1\\上架表模板MX_已处理.xlsx'
